"../../../Engine/Content/Functions/Engine_MaterialFunctions01/Opacity/CameraDepthFade.uasset" 0
"../../../Engine/Content/EngineMaterials/T_Default_Material_Grid_M.uasset" 1
"../../../Engine/Content/EngineMaterials/T_Default_Material_Grid_N.uasset" 2
"../../../Engine/Content/EngineMaterials/DefaultMaterial.uasset" 3
"../../../Engine/Content/BasicShapes/Cone.uasset" 4
"../../../Engine/Content/BasicShapes/Cylinder.uasset" 5
"../../../Engine/Content/EngineMaterials/WorldGridMaterial.uasset" 6
"../../../Engine/Content/BasicShapes/Plane.uasset" 7
"../../../Engine/Content/EditorLandscapeResources/DataLayer.uasset" 8
"../../../Engine/Content/EditorMaterials/GizmoMaterial.uasset" 9
"../../../Engine/Content/EditorMaterials/MAT_Groups_Toggle.uasset" 10
"../../../Engine/Content/EditorMaterials/MAT_Groups_Visibility.uasset" 11
"../../../Engine/Content/EditorMaterials/PreviewShadowIndicator.uasset" 12
"../../../Engine/Content/EditorMaterials/PreviewShadowIndicatorMaterial.uasset" 13
"../../../Engine/Content/EditorMaterials/AssetViewer/EpicQuadPanorama_CC+EV1.uasset" 14
"../../../Engine/Content/EditorMaterials/MatineeGroups/MAT_ColorTrack.uasset" 15
"../../../Engine/Content/EditorMaterials/MatineeGroups/MAT_Groups_Anim.uasset" 16
"../../../Engine/Content/EditorMaterials/MatineeGroups/MAT_Groups_AudioMaster.uasset" 17
"../../../Engine/Content/EditorMaterials/MatineeGroups/MAT_Groups_Director.uasset" 18
"../../../Engine/Content/EditorMaterials/MatineeGroups/MAT_Groups_Event.uasset" 19
"../../../Engine/Content/EditorMaterials/MatineeGroups/MAT_Groups_Fade.uasset" 20
"../../../Engine/Content/EditorMaterials/MatineeGroups/MAT_Groups_Float.uasset" 21
"../../../Engine/Content/EditorMaterials/MatineeGroups/MAT_Groups_Move.uasset" 22
"../../../Engine/Content/EditorMaterials/MatineeGroups/MAT_Groups_Slomo.uasset" 23
"../../../Engine/Content/EditorMaterials/MatineeGroups/MAT_Groups_Sound.uasset" 24
"../../../Engine/Content/EditorMaterials/MatineeGroups/MAT_Groups_Vector.uasset" 25
"../../../Engine/Content/EditorMaterials/ParticleSystems/PSysThumbnail_NoImage.uasset" 26
"../../../Engine/Content/EditorMaterials/ParticleSystems/PSysThumbnail_OOD.uasset" 27
"../../../Engine/Content/EditorMaterials/Camera/CineMat.uasset" 28
"../../../Engine/Content/EditorMaterials/Camera/MI_CineMat_Rig.uasset" 29
"../../../Engine/Content/EditorMeshes/Camera/SM_CraneRig_Arm.uasset" 30
"../../../Engine/Content/EditorMeshes/Camera/SM_CraneRig_Base.uasset" 31
"../../../Engine/Content/EditorMeshes/Camera/SM_CraneRig_Body.uasset" 32
"../../../Engine/Content/EditorMeshes/Camera/SM_CraneRig_Mount.uasset" 33
"../../../Engine/Content/EditorMeshes/Camera/SM_RailRig_Mount.uasset" 34
"../../../Engine/Content/EditorMeshes/Camera/SM_RailRig_Track.uasset" 35
"../../../Engine/Content/EditorMeshes/ColorCalibrator/M_ChromeBall.uasset" 36
"../../../Engine/Content/EditorMeshes/ColorCalibrator/M_ClearCoat.uasset" 37
"../../../Engine/Content/EditorMeshes/ColorCalibrator/M_ClearCoatBlack.uasset" 38
"../../../Engine/Content/EditorMeshes/ColorCalibrator/T_ColorGrid.uasset" 39
"../../../Engine/Content/EditorMeshes/ColorCalibrator/M_ColorGrid.uasset" 40
"../../../Engine/Content/EditorMeshes/ColorCalibrator/M_GreyBall.uasset" 41
"../../../Engine/Content/EditorMeshes/ColorCalibrator/SM_ColorCalibrator.uasset" 42
"../../../Engine/Content/EditorResources/BSPVertex.uasset" 43
"../../../Engine/Content/EditorResources/EmptyActor.uasset" 44
"../../../Engine/Content/EditorResources/RGBTable16x1_AssetViewer.uasset" 45
"../../../Engine/Content/EditorResources/S_Actor.uasset" 46
"../../../Engine/Content/EditorResources/S_Trigger.uasset" 47
"../../../Engine/Content/EditorResources/AudioIcons/S_AudioComponent.uasset" 48
"../../../Engine/Content/EditorResources/AudioIcons/S_AudioComponent_AutoActivate.uasset" 49
"../../../Engine/Content/EditorResources/LightIcons/S_LightError.uasset" 50
"../../../Engine/Content/EditorResources/SequenceRecorder/Countdown.uasset" 51
"../../../Engine/Content/EditorResources/SequenceRecorder/RecordingIndicator.uasset" 52
"../../../Engine/Content/EditorSounds/Notifications/CompileFailed.uasset" 53
"../../../Engine/Content/EditorSounds/Notifications/CompileFailed_Cue.uasset" 54
"../../../Engine/Content/EditorSounds/Notifications/CompileSuccess.uasset" 55
"../../../Engine/Content/EditorSounds/Notifications/CompileStart_Cue.uasset" 56
"../../../Engine/Content/EditorSounds/Notifications/CompileSuccess_Cue.uasset" 57
"../../../Engine/Content/EngineDebugMaterials/HeatmapGradient.uasset" 58
"../../../Engine/Content/EngineDebugMaterials/BoneWeightMaterial.uasset" 59
"../../../Engine/Content/EngineDebugMaterials/DebugMeshMaterial.uasset" 60
"../../../Engine/Content/EngineDebugMaterials/GeomMaterial.uasset" 61
"../../../Engine/Content/EngineFonts/Faces/RobotoBold.uasset" 62
"../../../Engine/Content/EngineFonts/Faces/RobotoBoldItalic.uasset" 63
"../../../Engine/Content/EngineFonts/Faces/RobotoItalic.uasset" 64
"../../../Engine/Content/EngineFonts/Faces/RobotoLight.uasset" 65
"../../../Engine/Content/EngineFonts/Faces/RobotoRegular.uasset" 66
"../../../Engine/Content/EngineFonts/Roboto.uasset" 67
"../../../Engine/Content/EngineFonts/Faces/RobotoTiny.uasset" 68
"../../../Engine/Content/EngineFonts/RobotoTiny.uasset" 69
"../../../Engine/Content/EngineMaterials/DefaultBokeh.uasset" 70
"../../../Engine/Content/EngineMaterials/DefaultDiffuse.uasset" 71
"../../../Engine/Content/EngineMaterials/DefaultDeferredDecalMaterial.uasset" 72
"../../../Engine/Content/EngineMaterials/DefaultLightFunctionMaterial.uasset" 73
"../../../Engine/Content/EngineMaterials/DefaultPhysicalMaterial.uasset" 74
"../../../Engine/Content/Functions/Engine_MaterialFunctions02/Utility/BreakOutFloat2Components.uasset" 75
"../../../Engine/Content/EngineMaterials/DefaultPostProcessMaterial.uasset" 76
"../../../Engine/Content/EngineFonts/RobotoDistanceField.uasset" 77
"../../../Engine/Content/EngineMaterials/DefaultTextMaterialOpaque.uasset" 78
"../../../Engine/Content/EngineMaterials/DefaultWhiteGrid.uasset" 79
"../../../Engine/Content/EngineMaterials/EditorBrushMaterial.uasset" 80
"../../../Engine/Content/EngineMaterials/Good64x64TilingNoiseHighFreq.uasset" 81
"../../../Engine/Content/EngineMaterials/MiniFont.uasset" 82
"../../../Engine/Content/EngineMaterials/InvalidLightmapSettings.uasset" 83
"../../../Engine/Content/EngineMaterials/M_InvalidLightmapSettings.uasset" 84
"../../../Engine/Content/EngineMaterials/PhAT_JointLimitMaterial.uasset" 85
"../../../Engine/Content/EngineMaterials/PreintegratedSkinBRDF.uasset" 86
"../../../Engine/Content/EngineMaterials/RemoveSurfaceMaterial.uasset" 87
"../../../Engine/Content/EngineMaterials/WeightMapPlaceholderTexture.uasset" 88
"../../../Engine/Content/EngineResources/WhiteSquareTexture.uasset" 89
"../../../Engine/Content/EngineMaterials/Widget3DPassThrough.uasset" 90
"../../../Engine/Content/EngineMaterials/Widget3DPassThrough_Masked.uasset" 91
"../../../Engine/Content/EngineMaterials/Widget3DPassThrough_Opaque.uasset" 92
"../../../Engine/Content/EngineMaterials/Widget3DPassThrough_Masked_OneSided.uasset" 93
"../../../Engine/Content/EngineMaterials/Widget3DPassThrough_Opaque_OneSided.uasset" 94
"../../../Engine/Content/EngineMaterials/Widget3DPassThrough_Translucent.uasset" 95
"../../../Engine/Content/EngineMaterials/Widget3DPassThrough_Translucent_OneSided.uasset" 96
"../../../Engine/Content/EngineMeshes/Cube.uasset" 97
"../../../Engine/Content/EngineMeshes/Cylinder.uasset" 98
"../../../Engine/Content/EngineMeshes/Sphere.uasset" 99
"../../../Engine/Content/EngineResources/Black.uasset" 100
"../../../Engine/Content/EngineResources/DefaultTexture.uasset" 101
"../../../Engine/Content/EngineResources/DefaultTextureCube.uasset" 102
"../../../Engine/Content/EngineResources/GradientTexture0.uasset" 103
"../../../Engine/Content/Functions/Engine_MaterialFunctions01/Shading/ConvertFromDiffSpec.uasset" 104
"../../../Engine/Content/Functions/Engine_MaterialFunctions01/Shading/PowerToRoughness.uasset" 105
"../../../Engine/Content/Maps/Templates/Thumbnails/Default.uasset" 106
"../../../Engine/Content/Maps/Templates/Thumbnails/VR-Basic.uasset" 107
"../../../Engine/Content/MobileResources/T_MobileControls_texture.uasset" 108
"../../../Engine/Content/MobileResources/T_MobileMenu2.uasset" 109
"../../../Engine/Content/MobileResources/HUD/AnalogHat.uasset" 110
"../../../Engine/Content/MobileResources/HUD/VirtualJoystick_Background.uasset" 111
"../../../Engine/Content/MobileResources/HUD/VirtualJoystick_Thumb.uasset" 112
"../../../Engine/Content/MobileResources/HUD/DefaultVirtualJoysticks.uasset" 113
"../../../Engine/Content/MobileResources/HUD/LeftVirtualJoystickOnly.uasset" 114
"../../../Engine/Content/MobileResources/HUD/MobileHUDButton1_off.uasset" 115
"../../../Engine/Content/MobileResources/HUD/MobileHUDButton1_on.uasset" 116
"../../../Engine/Content/MobileResources/HUD/MobileHUDButton2_off.uasset" 117
"../../../Engine/Content/MobileResources/HUD/MobileHUDButton2_on.uasset" 118
"../../../Engine/Content/MobileResources/HUD/MobileHUDButton3.uasset" 119
"../../../Engine/Content/MobileResources/HUD/MobileHUDButtonFire.uasset" 120
"../../../Engine/Content/MobileResources/HUD/MobileHUDDirectionPad.uasset" 121
"../../../Engine/Content/MobileResources/HUD/MobileHUDDirectionPad2.uasset" 122
"../../../Engine/Content/MobileResources/HUD/MobileHUDDirectionPad3.uasset" 123
"../../../Engine/Content/MobileResources/HUD/MobileHUDDirectionStick.uasset" 124
"../../../Engine/Content/MobileResources/HUD/T_Castle_ThumbstickInner.uasset" 125
"../../../Engine/Content/MobileResources/HUD/T_Castle_ThumbstickOutter.uasset" 126
"../../../Engine/Content/Tutorial/ContentIntroCurve.uasset" 127
"../../../Engine/Content/Tutorial/Basics/TutorialAssets/icon_tab_Levels_40x.uasset" 128
"../../../Engine/Content/Tutorial/BlueprintTutorials/TutorialAssets/BlueprintInterface_64x.uasset" 129
"../../../Engine/Content/Tutorial/BlueprintTutorials/TutorialAssets/BlueprintMacroLibrary_64x.uasset" 130
"../../../Engine/Content/Tutorial/BlueprintTutorials/TutorialAssets/Blueprint_64x.uasset" 131
"../../../Engine/Content/Tutorial/BlueprintTutorials/TutorialAssets/Tutorial_BP_Interface.uasset" 132
"../../../Engine/Content/Tutorial/Foliage/TutorialAssets/Foliage.uasset" 133
"../../../Engine/Content/Tutorial/Landscape/TutorialAssets/Landscape.uasset" 134
"../../../Engine/Content/Tutorial/Paper2D/TutorialAssets/Paper2DFlipbook_TutorialIcon.uasset" 135
"../../../Engine/Content/Tutorial/Paper2D/TutorialAssets/Paper2DSprite_TutorialIcon.uasset" 136
"../../../Engine/Content/Tutorial/SubEditors/TutorialAssets/icon_Editor_Preferences_General_40x.uasset" 137
"../../../Engine/Content/Tutorial/SubEditors/TutorialAssets/icon_ShowSkeletalMeshes_40x.uasset" 138
"../../../Engine/Content/Tutorial/SubEditors/TutorialAssets/TutorialMaterial.uasset" 139
"../../../Engine/Content/Tutorial/SubEditors/TutorialAssets/T_SmokeSubUV_8X8.uasset" 140
"../../../Engine/Content/Tutorial/SubEditors/TutorialAssets/T_soft_smoke.uasset" 141
"../../../Engine/Content/Tutorial/SubEditors/TutorialAssets/M_smoke_subUV_blackbody.uasset" 142
"../../../Engine/Content/Tutorial/SubEditors/TutorialAssets/TutorialParticleSystem.uasset" 143
"../../../Engine/Content/EditorMeshes/EditorCube.uasset" 144
"../../../Engine/Content/Tutorial/SubEditors/TutorialAssets/Tutorial_DM.uasset" 145
"../../../Engine/Content/VREditor/Devices/Generic/GenericHMDMaterial.uasset" 146
"../../../Engine/Content/VREditor/Devices/Generic/GenericHMD.uasset" 147
"../../../Engine/Content/VREditor/FloatingText/LineMaterial.uasset" 148
"../../../Engine/Content/VREditor/FloatingText/JointSphere.uasset" 149
"../../../Engine/Content/VREditor/FloatingText/LineSegmentCylinder.uasset" 150
"../../../Engine/Content/VREditor/Fonts/VRText_RobotoLarge.uasset" 151
"../../../Engine/Content/VREditor/Fonts/VRTextMaterial.uasset" 152
"../../../Engine/Content/VREditor/Fonts/TranslucentVRTextMaterial.uasset" 153
"../../../Engine/Content/VREditor/LaserPointer/VR_LaserPower_01.uasset" 154
"../../../Engine/Content/VREditor/LaserPointer/LaserPointerMaterial.uasset" 155
"../../../Engine/Content/VREditor/LaserPointer/LaserPointerMaterialInst.uasset" 156
"../../../Engine/Content/VREditor/LaserPointer/TranslucentLaserPointerMaterialInst.uasset" 157
"../../../Engine/Content/VREditor/LaserPointer/LaserPointerMesh.uasset" 158
"../../../Engine/Content/VREditor/Sounds/VR_grab_Cue.uasset" 159
"../../../Engine/Content/VREditor/Sounds/VR_teleport_Cue.uasset" 160
"../../../Engine/Content/VREditor/TransformGizmo/TransformGizmoMaterial.uasset" 161
"../../../Engine/Content/VREditor/TransformGizmo/TranslucentTransformGizmoMaterial.uasset" 162
"../../../Engine/Content/VREditor/TransformGizmo/BoundingBoxCorner.uasset" 163
"../../../Engine/Content/VREditor/TransformGizmo/BoundingBoxEdge.uasset" 164
"../../../Engine/Content/VREditor/TransformGizmo/PlaneTranslationHandle.uasset" 165
"../../../Engine/Content/VREditor/TransformGizmo/RotationHandle.uasset" 166
"../../../Engine/Content/VREditor/TransformGizmo/RotationHandleFull.uasset" 167
"../../../Engine/Content/VREditor/TransformGizmo/StretchingHandle.uasset" 168
"../../../Engine/Content/VREditor/TransformGizmo/TranslateHandleLong.uasset" 169
"../../../Engine/Content/VREditor/TransformGizmo/TranslationHandle.uasset" 170
"../../../Engine/Content/VREditor/TransformGizmo/UniformScaleHandle.uasset" 171
"../../../Engine/Content/VREditor/UI/CloseButtonMesh.uasset" 172
"../../../Engine/Content/VREditor/UI/SelectionBarMesh.uasset" 173
"../../../Engine/Content/Functions/Engine_MaterialFunctions01/Gradient/RadialGradient.uasset" 174
"../../../Engine/Content/VREditor/WorldMovementGrid/SimpleGrid.uasset" 175
"../../../Engine/Content/VREditor/WorldMovementGrid/GridMaterial.uasset" 176
"../../../Engine/Content/Functions/Engine_MaterialFunctions01/Density/ExponentialDensity.uasset" 177
"../../../Engine/Content/VREditor/WorldMovementGrid/GridPostProcess.uasset" 178
"../../../Engine/Content/EditorLandscapeResources/FlattenHeightMat.uasset" 179
"../../../Engine/Content/VREditor/WorldMovementGrid/PlaneMesh.uasset" 180
"../../../MirrorSpaceAdventure/Content/WayPointBlue.uasset" 181
"../../../MirrorSpaceAdventure/Content/WayPointRed.uasset" 182
"../../../MirrorSpaceAdventure/Content/DataTables/Tags.uasset" 183
"../../../MirrorSpaceAdventure/Content/Geometry/Meshes/CubeMaterial.uasset" 184
"../../../MirrorSpaceAdventure/Content/Geometry/Meshes/1M_Cube.uasset" 185
"../../../MirrorSpaceAdventure/Content/Geometry/Meshes/1M_Cube_Chamfer.uasset" 186
"../../../MirrorSpaceAdventure/Content/Geometry/Meshes/TemplateFloor.uasset" 187
"../../../MirrorSpaceAdventure/Content/Materials/palette.uasset" 188
"../../../MirrorSpaceAdventure/Content/Materials/Landscape_M.uasset" 189
"../../../MirrorSpaceAdventure/Content/Meshes/Landscape.uasset" 190
"../../../MirrorSpaceAdventure/Content/Meshes/None.uasset" 191
"../../../MirrorSpaceAdventure/Content/Meshes/Ship2/None.uasset" 192
"../../../MirrorSpaceAdventure/Content/Meshes/Ship2/SpaceShip_Circle_007.uasset" 193
"../../../MirrorSpaceAdventure/Content/Meshes/Ship2/SpaceShip_Circle_008.uasset" 194
"../../../MirrorSpaceAdventure/Content/SoundEffects/Alarm_Loop_00.uasset" 195
"../../../MirrorSpaceAdventure/Content/SoundEffects/Alarm_Loop_01.uasset" 196
"../../../MirrorSpaceAdventure/Content/SoundEffects/Alien_Language_00.uasset" 197
"../../../MirrorSpaceAdventure/Content/SoundEffects/Ambience_AlienHive_00.uasset" 198
"../../../MirrorSpaceAdventure/Content/SoundEffects/Ambience_AlienPlanet_00.uasset" 199
"../../../MirrorSpaceAdventure/Content/SoundEffects/flaunch.uasset" 200
"../../../MirrorSpaceAdventure/Content/SoundEffects/iceball.uasset" 201
"../../../MirrorSpaceAdventure/Content/SoundEffects/Jingle_Win_00.uasset" 202
"../../../MirrorSpaceAdventure/Content/SoundEffects/Jingle_Win_01.uasset" 203
"../../../MirrorSpaceAdventure/Content/SoundEffects/Laser_00.uasset" 204
"../../../MirrorSpaceAdventure/Content/SoundEffects/Laser_02.uasset" 205
"../../../MirrorSpaceAdventure/Content/SoundEffects/Laser_03.uasset" 206
"../../../MirrorSpaceAdventure/Content/SoundEffects/Laser_04.uasset" 207
"../../../MirrorSpaceAdventure/Content/SoundEffects/Laser_05.uasset" 208
"../../../MirrorSpaceAdventure/Content/SoundEffects/Laser_06.uasset" 209
"../../../MirrorSpaceAdventure/Content/SoundEffects/Laser_07.uasset" 210
"../../../MirrorSpaceAdventure/Content/SoundEffects/Laser_09.uasset" 211
"../../../MirrorSpaceAdventure/Content/SoundEffects/Menu_Select_00.uasset" 212
"../../../MirrorSpaceAdventure/Content/SoundEffects/Menu_Select_01.uasset" 213
"../../../MirrorSpaceAdventure/Content/SoundEffects/MirrorGameJam_ConceptTrack.uasset" 214
"../../../MirrorSpaceAdventure/Content/SoundEffects/rlaunch.uasset" 215
"../../../MirrorSpaceAdventure/Content/SoundEffects/Robot_Activated_00.uasset" 216
"../../../MirrorSpaceAdventure/Content/SoundEffects/Robot_Talk_00.uasset" 217
"../../../MirrorSpaceAdventure/Content/SoundEffects/Robot_Talk_01.uasset" 218
"../../../MirrorSpaceAdventure/Content/SoundEffects/Robot_Talk_02.uasset" 219
"../../../MirrorSpaceAdventure/Content/SoundEffects/slimeball.uasset" 220
"../../../MirrorSpaceAdventure/Content/SoundEffects/SpaceShip_Engine_Large_Loop_00.uasset" 221
"../../../MirrorSpaceAdventure/Content/SoundEffects/SpaceShip_Engine_Medium_Loop_00.uasset" 222
"../../../MirrorSpaceAdventure/Content/SoundEffects/SpaceShip_Engine_Small_Loop_00.uasset" 223
"../../../MirrorSpaceAdventure/Content/SoundEffects/WarpDrive_01.uasset" 224
"../../../MirrorSpaceAdventure/Content/SoundEffects/WarpDrive_02.uasset" 225
"../../../MirrorSpaceAdventure/Content/Textures/Pyramid2.uasset" 226
"../../../Engine/Plugins/2D/Paper2D/Content/DummySprite.uasset" 227
"../../../Engine/Plugins/2D/Paper2D/Content/DefaultPaperTerrainMaterial.uasset" 228
"../../../Engine/Plugins/2D/Paper2D/Content/DefaultSpriteMaterial.uasset" 229
"../../../Engine/Plugins/2D/Paper2D/Content/MaskedUnlitSpriteMaterial.uasset" 230
"../../../Engine/Plugins/2D/Paper2D/Content/OpaqueUnlitSpriteMaterial.uasset" 231
"../../../Engine/Plugins/2D/Paper2D/Content/PlaceholderTextures/DummySpriteTexture.uasset" 232
"../../../MirrorSpaceAdventure/Content/Blueprints/Pawns/Base.uasset" 233
"../../../Engine/Content/EditorBlueprintResources/StandardMacros.uasset" 234
"../../../Engine/Content/EngineDamageTypes/DmgTypeBP_Environmental.uasset" 235
"../../../MirrorSpaceAdventure/Content/WayPoint.uasset" 236
"../../../MirrorSpaceAdventure/Content/Blueprints/AI/NprmalPawn_AIC.uasset" 237
"../../../MirrorSpaceAdventure/Content/Blueprints/DamageTypes/DmgType_Energy.uasset" 238
"../../../MirrorSpaceAdventure/Content/Materials/Beam_M.uasset" 239
"../../../MirrorSpaceAdventure/Content/Materials/EnergyBall_M.uasset" 240
"../../../Engine/Content/BasicShapes/Sphere.uasset" 241
"../../../MirrorSpaceAdventure/Content/ParticleSystems/EnergyBall.uasset" 242
"../../../MirrorSpaceAdventure/Content/ParticleSystems/Sprite.uasset" 243
"../../../MirrorSpaceAdventure/Content/Materials/Spark.uasset" 244
"../../../MirrorSpaceAdventure/Content/ParticleSystems/Sparkexplo.uasset" 245
"../../../MirrorSpaceAdventure/Content/SoundEffects/Laser_01.uasset" 246
"../../../MirrorSpaceAdventure/Content/Blueprints/EnergyBall_BP.uasset" 247
"../../../MirrorSpaceAdventure/Content/Widgets/Killfeed.uasset" 248
"../../../MirrorSpaceAdventure/Content/Pyramid_Stone.uasset" 249
"../../../MirrorSpaceAdventure/Content/defaultMat.uasset" 250
"../../../MirrorSpaceAdventure/Content/Pyramid_Collision.uasset" 251
"../../../MirrorSpaceAdventure/Content/ColorLine.uasset" 252
"../../../MirrorSpaceAdventure/Content/Conduit.uasset" 253
"../../../MirrorSpaceAdventure/Content/Pyramid.uasset" 254
"../../../MirrorSpaceAdventure/Content/Pyramid_Visual.uasset" 255
"../../../MirrorSpaceAdventure/Content/NewMacroLibrary.uasset" 256
"../../../MirrorSpaceAdventure/Content/Materials/LightMat.uasset" 257
"../../../MirrorSpaceAdventure/Content/ParticleSystems/EnergyBall_Growing.uasset" 258
"../../../MirrorSpaceAdventure/Content/ParticleSystems/PawnExplo.uasset" 259
"../../../MirrorSpaceAdventure/Content/SoundEffects/Explosion.uasset" 260
"../../../MirrorSpaceAdventure/Content/Blueprints/Pawns/NprmalPawn.uasset" 261
"../../../Engine/Content/Functions/Engine_MaterialFunctions01/Gradient/SphereGradient-2D.uasset" 262
"../../../MirrorSpaceAdventure/Content/Ring.uasset" 263
"../../../MirrorSpaceAdventure/Content/Otherstuff/T_HealthMask.uasset" 264
"../../../MirrorSpaceAdventure/Content/Otherstuff/M_HealthMask.uasset" 265
"../../../MirrorSpaceAdventure/Content/Otherstuff/MI_HealthMask.uasset" 266
"../../../MirrorSpaceAdventure/Content/Textures/Crosshair.uasset" 267
"../../../MirrorSpaceAdventure/Content/Widgets/FPS.uasset" 268
"../../../MirrorSpaceAdventure/Content/Widgets/HUD.uasset" 269
"../../../Engine/Content/Functions/Engine_MaterialFunctions01/Gradient/RadialGradientExponential.uasset" 270
"../../../MirrorSpaceAdventure/Content/Widgets/Line.uasset" 271
"../../../MirrorSpaceAdventure/Content/Widgets/Radial.uasset" 272
"../../../MirrorSpaceAdventure/Content/Widgets/Viclost.uasset" 273
"../../../MirrorSpaceAdventure/Content/Widgets/Viclost_Inst.uasset" 274
"../../../MirrorSpaceAdventure/Content/SoundEffects/Jingle_Achievement_00.uasset" 275
"../../../MirrorSpaceAdventure/Content/SoundEffects/Jingle_Lose_00.uasset" 276
"../../../MirrorSpaceAdventure/Content/Widgets/Vicoss.uasset" 277
"../../../MirrorSpaceAdventure/Content/Blueprints/Pyramid_Blueprint.uasset" 278
"../../../MirrorSpaceAdventure/Content/Interface/Styles/Assets/T_CircularMask.uasset" 279
"../../../MirrorSpaceAdventure/Content/Interface/Styles/Assets/M_ProgressCircle.uasset" 280
"../../../MirrorSpaceAdventure/Content/Interface/MI_Point.uasset" 281
"../../../MirrorSpaceAdventure/Content/Interface/Styles/Assets/Objective.uasset" 282
"../../../MirrorSpaceAdventure/Content/Widgets/Capture.uasset" 283
"../../../MirrorSpaceAdventure/Content/Blueprints/DamageTypes/DmgType_Mirror.uasset" 284
"../../../MirrorSpaceAdventure/Content/TargetPoint_Blueprint.uasset" 285
"../../../MirrorSpaceAdventure/Content/M_Mirror.uasset" 286
"../../../Engine/Content/BasicShapes/Cube.uasset" 287
"../../../MirrorSpaceAdventure/Content/ParticleSystems/Beam.uasset" 288
"../../../MirrorSpaceAdventure/Content/SoundEffects/Beam.uasset" 289
"../../../MirrorSpaceAdventure/Content/Mirror.uasset" 290
"../../../MirrorSpaceAdventure/Content/Widgets/arrow.uasset" 291
"../../../MirrorSpaceAdventure/Content/Widgets/ArrowMat.uasset" 292
"../../../MirrorSpaceAdventure/Content/MirrorFill.uasset" 293
"../../../MirrorSpaceAdventure/Content/PawnFill.uasset" 294
"../../../MirrorSpaceAdventure/Content/PyrFill.uasset" 295
"../../../MirrorSpaceAdventure/Content/Widgets/Killbar.uasset" 296
"../../../MirrorSpaceAdventure/Content/Blueprints/MyGameInstance.uasset" 297
"../../../MirrorSpaceAdventure/Content/Widgets/HealthBar.uasset" 298
"../../../Engine/Content/BasicShapes/BasicShapeMaterial.uasset" 299
"../../../MirrorSpaceAdventure/Content/Blueprints/Pawns/AI_Pawn.uasset" 300
"../../../Engine/Content/EngineSky/C_Sky_Cloud_Color.uasset" 301
"../../../Engine/Content/EngineSky/C_Sky_Horizon_Color.uasset" 302
"../../../Engine/Content/EngineSky/C_Sky_Zenith_Color.uasset" 303
"../../../Engine/Content/EngineSky/T_Sky_Blue.uasset" 304
"../../../Engine/Content/EngineSky/T_Sky_Clouds_M.uasset" 305
"../../../Engine/Content/EngineSky/T_Sky_Stars.uasset" 306
"../../../Engine/Content/EngineSky/M_Sky_Panning_Clouds2.uasset" 307
"../../../Engine/Content/EngineSky/SM_SkySphere.uasset" 308
"../../../Engine/Content/EngineSky/BP_Sky_Sphere.uasset" 309
"../../../MirrorSpaceAdventure/Content/Blueprints/Gamemodes/NewBlueprint.uasset" 310
"../../../MirrorSpaceAdventure/Content/Meshes/Ship2/armor_plate_gray.uasset" 311
"../../../MirrorSpaceAdventure/Content/Meshes/Ship2/armor_plate_norm.uasset" 312
"../../../MirrorSpaceAdventure/Content/Meshes/SpaceShip/Floor.uasset" 313
"../../../MirrorSpaceAdventure/Content/Meshes/SpaceShip/Soak_Mat.uasset" 314
"../../../MirrorSpaceAdventure/Content/None.uasset" 315
"../../../MirrorSpaceAdventure/Content/Broken_Reling1.uasset" 316
"../../../MirrorSpaceAdventure/Content/Broken_Reling2.uasset" 317
"../../../MirrorSpaceAdventure/Content/Broken_Reling3.uasset" 318
"../../../MirrorSpaceAdventure/Content/Broken_Reling4.uasset" 319
"../../../MirrorSpaceAdventure/Content/Meshes/Ship2/Corpse.uasset" 320
"../../../MirrorSpaceAdventure/Content/Meshes/Ship2/SpaceShip_Circle.uasset" 321
"../../../MirrorSpaceAdventure/Content/Meshes/Ship2/SpaceShip_Circle_003.uasset" 322
"../../../MirrorSpaceAdventure/Content/Meshes/Ship2/SpaceShip_Circle_023_Circle_027.uasset" 323
"../../../MirrorSpaceAdventure/Content/Meshes/Ship2/SpaceShip_Plane_003_Plane.uasset" 324
"../../../MirrorSpaceAdventure/Content/Meshes/SpaceShip/Reling_Door.uasset" 325
"../../../MirrorSpaceAdventure/Content/Meshes/SpaceShip/None.uasset" 326
"../../../MirrorSpaceAdventure/Content/Meshes/SpaceShip/SpaceShip_Circle_001.uasset" 327
"../../../MirrorSpaceAdventure/Content/Meshes/SpaceShip/SpaceShip_Circle_002.uasset" 328
"../../../MirrorSpaceAdventure/Content/Meshes/SpaceShip/SpaceShip_Circle_005.uasset" 329
"../../../MirrorSpaceAdventure/Content/Meshes/SpaceShip/SpaceShip_Circle_006.uasset" 330
"../../../MirrorSpaceAdventure/Content/Meshes/SpaceShip/SpaceShip_Circle_007.uasset" 331
"../../../MirrorSpaceAdventure/Content/Meshes/SpaceShip/SpaceShip_Circle_008.uasset" 332
"../../../MirrorSpaceAdventure/Content/Meshes/SpaceShip/SpaceShip_Circle_009.uasset" 333
"../../../MirrorSpaceAdventure/Content/Meshes/SpaceShip/SpaceShip_Circle_010_Circle_014.uasset" 334
"../../../MirrorSpaceAdventure/Content/Meshes/SpaceShip/SpaceShip_Circle_011_Circle_015.uasset" 335
"../../../MirrorSpaceAdventure/Content/Meshes/SpaceShip/SpaceShip_Circle_012_Circle_016.uasset" 336
"../../../MirrorSpaceAdventure/Content/Meshes/SpaceShip/SpaceShip_Circle_013_Circle_017.uasset" 337
"../../../MirrorSpaceAdventure/Content/Meshes/SpaceShip/SpaceShip_Circle_014_Circle_018.uasset" 338
"../../../MirrorSpaceAdventure/Content/Meshes/SpaceShip/SpaceShip_Circle_015_Circle_019.uasset" 339
"../../../MirrorSpaceAdventure/Content/Meshes/SpaceShip/SpaceShip_Circle_019_Circle_023.uasset" 340
"../../../MirrorSpaceAdventure/Content/Meshes/SpaceShip/SpaceShip_Circle_020_Circle_024.uasset" 341
"../../../MirrorSpaceAdventure/Content/Meshes/SpaceShip/SpaceShip_Circle_021_Circle_025.uasset" 342
"../../../MirrorSpaceAdventure/Content/Meshes/SpaceShip/SpaceShip_Circle_022_Circle_026.uasset" 343
"../../../MirrorSpaceAdventure/Content/Meshes/SpaceShip/SpaceShip_Circle_024_Circle_028.uasset" 344
"../../../MirrorSpaceAdventure/Content/Meshes/SpaceShip/SpaceShip_Cube_002.uasset" 345
"../../../MirrorSpaceAdventure/Content/Meshes/SpaceShip/SpaceShip_Cube_003.uasset" 346
"../../../MirrorSpaceAdventure/Content/Meshes/SpaceShip/SpaceShip_Cube_004.uasset" 347
"../../../MirrorSpaceAdventure/Content/Meshes/SpaceShip/SpaceShip.uasset" 348
"../../../MirrorSpaceAdventure/Content/NewBlueprint.uasset" 349
"../../../MirrorSpaceAdventure/Content/Maps/Map_BuiltData.uasset" 350
"../../../MirrorSpaceAdventure/Content/BridgeMat.uasset" 351
"../../../MirrorSpaceAdventure/Content/Bridge_MatInst.uasset" 352
"../../../MirrorSpaceAdventure/Content/Blueprints/DamageTypes/Mirror.uasset" 353
"../../../MirrorSpaceAdventure/Content/SoundEffects/Ambience.uasset" 354
"../../../MirrorSpaceAdventure/Content/SaveGames/OptionSettings.uasset" 355
"../../../Engine/Content/EngineSounds/Master.uasset" 356
"../../../MirrorSpaceAdventure/Content/Widgets/Credits.uasset" 357
"../../../MirrorSpaceAdventure/Content/Widgets/MainMenu.uasset" 358
"../../../MirrorSpaceAdventure/Content/Widgets/Options.uasset" 359
"../../../MirrorSpaceAdventure/Content/Widgets/MenuGame.uasset" 360
"../../../MirrorSpaceAdventure/Content/Maps/Map.umap" 361
"../../../MirrorSpaceAdventure/Content/PlayerStart_Blueprint.uasset" 362
"../../../MirrorSpaceAdventure/Content/SoundEffects/MenuSound.uasset" 363
"../../../MirrorSpaceAdventure/Content/Blueprints/Pawns/NewBlueprint.uasset" 364
"../../../MirrorSpaceAdventure/Content/Blueprints/Menu.uasset" 365
"../../../MirrorSpaceAdventure/Content/SaveGames/PlayerName.uasset" 366
"../../../MirrorSpaceAdventure/Content/Maps/Menu_BuiltData.uasset" 367
"../../../MirrorSpaceAdventure/Content/Widgets/CreateName.uasset" 368
"../../../MirrorSpaceAdventure/Content/Maps/Menu.umap" 369
"../../../MirrorSpaceAdventure/Content/Widgets/arrow_dwn.uasset" 370
"../../../MirrorSpaceAdventure/Content/Widgets/ArrowMatPart.uasset" 371
"../../../MirrorSpaceAdventure/Content/ParticleSystems/Arrow_Move.uasset" 372
"../../../MirrorSpaceAdventure/Content/Blueprints/MovementTrigger.uasset" 373
"../../../MirrorSpaceAdventure/Content/Widgets/TutorialText.uasset" 374
"../../../MirrorSpaceAdventure/Content/Blueprints/Gamemodes/TutorialGM.uasset" 375
"../../../MirrorSpaceAdventure/Content/Reling.uasset" 376
"../../../MirrorSpaceAdventure/Content/Maps/Tutorial_Map_BuiltData.uasset" 377
"../../../MirrorSpaceAdventure/Content/Maps/Tutorial_Map.umap" 378
"../../../Engine/Content/Maps/Entry.umap" 379
